# Automatically generated; do not edit. -- <HASH> spicy-config -h//False

Usage: spicy-config [options]

Available options:

    --bindir                Prints the path to the directory where binaries are installed.
    --build                 Prints "debug" or "release", depending on the build configuration.
    --cmake-path            Prints the path to Spicy-provided CMake modules
    --cxx                   Print the path to the C++ compiler used to build Spicy
    --cxxflags              Print flags for C++ compiler when compiling generated code statically
    --cxxflags-hlto         Print flags for C++ compiler when building precompiled HLTO libraries
    --debug                 Output flags for working with debugging versions.
    --distbase              Print path of the Spicy source distribution.
    --dynamic-loading       Adjust --ldflags for host applications that dynamically load precompiled modules
    --have-toolchain        Prints 'yes' if the Spicy toolchain was built, 'no' otherwise.
    --have-zeek             Prints 'yes' if the Spicy was compiled with Zeek support, 'no' otherwise.
    --help                  Print this usage summary
    --include-dirs          Prints the Spicy runtime's C++ include directories
    --ldflags               Print flags for linker when compiling generated code statically
    --ldflags-hlto          Print flags for linker linker when building precompiled HLTO libraries
    --libdirs               Print standard Spicy library directories.
    --prefix                Print path of installation
    --spicy-build           Print the path to the spicy-build script.
    --spicyc                Print the path to the spicyc binary.
    --version               Print the Spicy version as a string.
    --version-number        Print the Spicy version as a numerical value.
    --zeek                  Print the path to the Zeek executable
    --zeek-include-dirs     Print the Spicy runtime's C++ include directories
    --zeek-module-path      Print the path of the directory the Zeek plugin searches for *.hlto modules
    --zeek-plugin-path      Print the path to go into ZEEK_PLUGIN_PATH for enabling the Zeek Spicy plugin
    --zeek-prefix           Print the path to the Zeek installation prefix
    --zeek-version          Print the Zeek version (empty if no Zeek available)
    --zeek-version-number   Print the Zeek version as a numerical value (zero if no Zeek available)

